<?xml version="1.0" encoding="UTF-8"?>
<testng-results ignored="0" total="1" passed="1" failed="0" skipped="0">
  <reporter-output>
  </reporter-output>
  <suite started-at="2020-09-18T15:41:06 EEST" name="Default suite" finished-at="2020-09-18T15:41:21 EEST" duration-ms="15159">
    <groups>
    </groups>
    <test started-at="2020-09-18T15:41:06 EEST" name="Default test" finished-at="2020-09-18T15:41:21 EEST" duration-ms="15159">
      <class name="SignUpTests">
        <test-method is-config="true" signature="setup()[pri:0, instance:SignUpTests@5dd6264]" started-at="2020-09-18T15:41:06 EEST" name="setup" finished-at="2020-09-18T15:41:16 EEST" duration-ms="9819" status="PASS">
          <reporter-output>
          </reporter-output>
        </test-method> <!-- setup -->
        <test-method signature="signUpWithMissingBirthDate()[pri:0, instance:SignUpTests@5dd6264]" started-at="2020-09-18T15:41:16 EEST" name="signUpWithMissingBirthDate" finished-at="2020-09-18T15:41:20 EEST" duration-ms="4528" status="PASS">
          <reporter-output>
          </reporter-output>
        </test-method> <!-- signUpWithMissingBirthDate -->
        <test-method is-config="true" signature="tearDown()[pri:0, instance:SignUpTests@5dd6264]" started-at="2020-09-18T15:41:20 EEST" name="tearDown" finished-at="2020-09-18T15:41:21 EEST" duration-ms="760" status="PASS">
          <reporter-output>
          </reporter-output>
        </test-method> <!-- tearDown -->
      </class> <!-- SignUpTests -->
    </test> <!-- Default test -->
  </suite> <!-- Default suite -->
</testng-results>
